2025-05-11 08:03:25,285 - INFO - MainThread - Loaded cache: 0 DNS, 0 GeoIP entries
2025-05-11 08:03:25,913 - INFO - ThreadPoolExecutor-0_2 - Extracted 3 configs from alfred_config
2025-05-11 08:03:25,953 - INFO - ThreadPoolExecutor-0_0 - Extracted 0 configs from activevshop
2025-05-11 08:03:26,041 - INFO - ThreadPoolExecutor-0_1 - Extracted 0 configs from airdroplandcod
2025-05-11 08:03:26,403 - INFO - ThreadPoolExecutor-0_0 - Extracted 6 configs from alo_v2rayng
2025-05-11 08:03:26,430 - INFO - ThreadPoolExecutor-0_1 - Extracted 0 configs from alpha_v2ray_fazayi
2025-05-11 08:03:26,433 - INFO - ThreadPoolExecutor-0_2 - Extracted 1 configs from alienvpn402
2025-05-11 08:03:26,917 - INFO - ThreadPoolExecutor-0_1 - Extracted 0 configs from amironetwork
2025-05-11 08:03:26,999 - INFO - ThreadPoolExecutor-0_2 - Extracted 0 configs from ana_service
2025-05-11 08:03:27,013 - INFO - ThreadPoolExecutor-0_0 - Extracted 2 configs from amirinventor2010
2025-05-11 08:03:27,396 - INFO - ThreadPoolExecutor-0_1 - Extracted 4 configs from angus_vpn
2025-05-11 08:03:27,550 - INFO - ThreadPoolExecutor-0_2 - Extracted 0 configs from zyfxlnn
2025-05-11 08:03:27,657 - INFO - ThreadPoolExecutor-1_0 - Extracted 0 configs from ArshiaComPlus HTML
2025-05-11 08:03:27,660 - INFO - ThreadPoolExecutor-1_1 - Extracted 74 configs from Kwinshadow Mix
2025-05-11 08:03:27,752 - INFO - ThreadPoolExecutor-1_1 - Extracted 2 configs from Everyday VPN Main
2025-05-11 08:03:27,841 - INFO - ThreadPoolExecutor-1_1 - Extracted 7 configs from Everyday VPN Test
2025-05-11 08:03:27,957 - INFO - ThreadPoolExecutor-1_0 - Extracted 1953 configs from MiladTahanian Configs
2025-05-11 08:03:28,061 - INFO - ThreadPoolExecutor-1_2 - Extracted 16364 configs from SoliSpirit Configs
2025-05-11 08:03:28,146 - INFO - ThreadPoolExecutor-1_1 - Extracted 0 configs from Epodonios Vless
2025-05-11 08:03:28,155 - INFO - ThreadPoolExecutor-1_0 - Extracted 448 configs from Epodonios Vmess
2025-05-11 08:03:28,208 - INFO - ThreadPoolExecutor-1_0 - Extracted 0 configs from Qjlxg Vless
2025-05-11 08:03:28,231 - INFO - ThreadPoolExecutor-1_2 - Extracted 0 configs from Epodonios Trojan
2025-05-11 08:03:28,264 - INFO - ThreadPoolExecutor-1_2 - Extracted 0 configs from Qjlxg Trojan
2025-05-11 08:03:28,302 - INFO - ThreadPoolExecutor-1_2 - Extracted 0 configs from Qjlxg Hy2
2025-05-11 08:03:28,379 - INFO - ThreadPoolExecutor-1_1 - Extracted 0 configs from Epodonios SS
2025-05-11 08:03:28,380 - INFO - ThreadPoolExecutor-1_0 - Extracted 0 configs from Qjlxg Socks
2025-05-11 08:03:28,382 - INFO - ThreadPoolExecutor-1_2 - Extracted 0 configs from Qjlxg Hysteria
2025-05-11 08:03:28,414 - INFO - ThreadPoolExecutor-1_1 - Extracted 0 configs from Surfboard Hy2
2025-05-11 08:03:28,465 - INFO - ThreadPoolExecutor-1_2 - Extracted 4 configs from Surfboard Hysteria
2025-05-11 08:03:28,511 - INFO - ThreadPoolExecutor-1_0 - Extracted 0 configs from Surfboard Hysteria2
2025-05-11 08:03:28,550 - INFO - ThreadPoolExecutor-1_1 - Extracted 0 configs from Surfboard Vless
2025-05-11 08:03:28,602 - INFO - ThreadPoolExecutor-1_0 - Extracted 54 configs from Surfboard UDP
2025-05-11 08:03:28,631 - INFO - ThreadPoolExecutor-1_2 - Extracted 0 configs from Surfboard Vmess
2025-05-11 08:03:28,646 - INFO - ThreadPoolExecutor-1_1 - Extracted 409 configs from Surfboard WSTLS
2025-05-11 08:03:28,679 - INFO - ThreadPoolExecutor-1_1 - Extracted 185 configs from Surfboard Mahsa
2025-05-11 08:03:28,714 - INFO - ThreadPoolExecutor-1_1 - Extracted 562 configs from MhdiTaheri Mix
2025-05-11 08:03:28,719 - INFO - ThreadPoolExecutor-1_0 - Extracted 100 configs from Surfboard Random
2025-05-11 08:03:28,750 - INFO - ThreadPoolExecutor-1_2 - Extracted 3405 configs from Surfboard Converted
2025-05-11 08:03:28,757 - INFO - ThreadPoolExecutor-1_0 - Extracted 2098 configs from MhdiTaheri Sub Mix
2025-05-11 08:03:28,771 - INFO - ThreadPoolExecutor-1_2 - Extracted 0 configs from ALIILAPRO Sub
2025-05-11 08:03:28,776 - INFO - ThreadPoolExecutor-1_1 - Extracted 150 configs from Roosterkid V2RAY
2025-05-11 08:03:28,815 - INFO - ThreadPoolExecutor-1_1 - Extracted 279 configs from MrMohebi All
2025-05-11 08:03:28,866 - INFO - ThreadPoolExecutor-1_0 - Extracted 75 configs from Ashkan-m Sub
2025-05-11 08:03:28,937 - INFO - ThreadPoolExecutor-1_2 - Extracted 77 configs from MrMohebi Actives
2025-05-11 08:03:28,938 - INFO - MainThread - Raw configs: 26262
2025-05-11 08:03:28,938 - INFO - MainThread - Collected raw configs in 3.65 seconds
2025-05-11 08:03:28,946 - INFO - MainThread - After initial deduplication: 25015 configs
2025-05-11 08:03:29,007 - INFO - MainThread - After validity filter: 0 configs
2025-05-11 08:03:29,008 - INFO - MainThread - Removed duplicates: 0 unique, 0 valid, total time: 0.07s
2025-05-11 08:03:29,008 - INFO - MainThread - Parsed and deduplicated in 0.07 seconds
2025-05-11 08:03:29,008 - INFO - MainThread - Parsed configs: 0
2025-05-11 08:03:29,010 - INFO - MainThread - Saved configs in 0.00 seconds
2025-05-11 08:03:29,010 - INFO - MainThread - Generated README in 0.00 seconds
2025-05-11 08:03:29,578 - INFO - MainThread - Successfully pushed to GitHub
2025-05-11 08:03:29,578 - INFO - MainThread - Pushed to GitHub in 0.57 seconds
2025-05-11 08:03:29,578 - INFO - MainThread - Saved cache: 0 DNS, 0 GeoIP entries
2025-05-11 08:03:43,334 - INFO - MainThread - Loaded cache: 0 DNS, 0 GeoIP entries
2025-05-11 08:03:43,752 - INFO - ThreadPoolExecutor-0_0 - Extracted 0 configs from activevshop
2025-05-11 08:03:43,813 - INFO - ThreadPoolExecutor-0_2 - Extracted 3 configs from alfred_config
2025-05-11 08:03:43,867 - INFO - ThreadPoolExecutor-0_1 - Extracted 0 configs from airdroplandcod
2025-05-11 08:03:44,190 - INFO - ThreadPoolExecutor-0_1 - Extracted 0 configs from alpha_v2ray_fazayi
2025-05-11 08:03:44,195 - INFO - ThreadPoolExecutor-0_0 - Extracted 1 configs from alienvpn402
2025-05-11 08:03:44,240 - INFO - ThreadPoolExecutor-0_2 - Extracted 6 configs from alo_v2rayng
2025-05-11 08:03:44,619 - INFO - ThreadPoolExecutor-0_0 - Extracted 0 configs from amironetwork
2025-05-11 08:03:44,660 - INFO - ThreadPoolExecutor-0_1 - Extracted 2 configs from amirinventor2010
2025-05-11 08:03:44,713 - INFO - ThreadPoolExecutor-0_2 - Extracted 0 configs from ana_service
2025-05-11 08:03:45,057 - INFO - ThreadPoolExecutor-0_0 - Extracted 4 configs from angus_vpn
2025-05-11 08:03:45,123 - INFO - ThreadPoolExecutor-0_1 - Extracted 0 configs from zyfxlnn
2025-05-11 08:03:45,207 - INFO - ThreadPoolExecutor-1_1 - Extracted 74 configs from Kwinshadow Mix
2025-05-11 08:03:45,242 - INFO - ThreadPoolExecutor-1_0 - Extracted 0 configs from ArshiaComPlus HTML
2025-05-11 08:03:45,328 - INFO - ThreadPoolExecutor-1_1 - Extracted 1953 configs from MiladTahanian Configs
2025-05-11 08:03:45,332 - INFO - ThreadPoolExecutor-1_0 - Extracted 2 configs from Everyday VPN Main
2025-05-11 08:03:45,414 - INFO - ThreadPoolExecutor-1_2 - Extracted 16364 configs from SoliSpirit Configs
2025-05-11 08:03:45,417 - INFO - ThreadPoolExecutor-1_1 - Extracted 7 configs from Everyday VPN Test
2025-05-11 08:03:45,479 - INFO - ThreadPoolExecutor-1_1 - Extracted 0 configs from Epodonios Trojan
2025-05-11 08:03:45,506 - INFO - ThreadPoolExecutor-1_2 - Extracted 448 configs from Epodonios Vmess
2025-05-11 08:03:45,522 - INFO - ThreadPoolExecutor-1_0 - Extracted 0 configs from Epodonios Vless
2025-05-11 08:03:45,569 - INFO - ThreadPoolExecutor-1_1 - Extracted 0 configs from Epodonios SS
2025-05-11 08:03:45,598 - INFO - ThreadPoolExecutor-1_0 - Extracted 0 configs from Qjlxg Socks
2025-05-11 08:03:45,609 - INFO - ThreadPoolExecutor-1_2 - Extracted 0 configs from Qjlxg Vless
2025-05-11 08:03:45,661 - INFO - ThreadPoolExecutor-1_1 - Extracted 0 configs from Qjlxg Trojan
2025-05-11 08:03:45,685 - INFO - ThreadPoolExecutor-1_1 - Extracted 0 configs from Surfboard Hy2
2025-05-11 08:03:45,692 - INFO - ThreadPoolExecutor-1_0 - Extracted 0 configs from Qjlxg Hy2
2025-05-11 08:03:45,697 - INFO - ThreadPoolExecutor-1_2 - Extracted 0 configs from Qjlxg Hysteria
2025-05-11 08:03:45,724 - INFO - ThreadPoolExecutor-1_0 - Extracted 4 configs from Surfboard Hysteria
2025-05-11 08:03:45,735 - INFO - ThreadPoolExecutor-1_2 - Extracted 0 configs from Surfboard Vless
2025-05-11 08:03:45,768 - INFO - ThreadPoolExecutor-1_2 - Extracted 54 configs from Surfboard UDP
2025-05-11 08:03:45,770 - INFO - ThreadPoolExecutor-1_1 - Extracted 0 configs from Surfboard Hysteria2
2025-05-11 08:03:45,812 - INFO - ThreadPoolExecutor-1_0 - Extracted 0 configs from Surfboard Vmess
2025-05-11 08:03:45,833 - INFO - ThreadPoolExecutor-1_1 - Extracted 100 configs from Surfboard Random
2025-05-11 08:03:45,842 - INFO - ThreadPoolExecutor-1_2 - Extracted 409 configs from Surfboard WSTLS
2025-05-11 08:03:45,924 - INFO - ThreadPoolExecutor-1_2 - Extracted 562 configs from MhdiTaheri Mix
2025-05-11 08:03:45,927 - INFO - ThreadPoolExecutor-1_1 - Extracted 185 configs from Surfboard Mahsa
2025-05-11 08:03:45,938 - INFO - ThreadPoolExecutor-1_0 - Extracted 3405 configs from Surfboard Converted
2025-05-11 08:03:45,964 - INFO - ThreadPoolExecutor-1_0 - Extracted 0 configs from ALIILAPRO Sub
2025-05-11 08:03:46,018 - INFO - ThreadPoolExecutor-1_1 - Extracted 2098 configs from MhdiTaheri Sub Mix
2025-05-11 08:03:46,022 - INFO - ThreadPoolExecutor-1_2 - Extracted 150 configs from Roosterkid V2RAY
2025-05-11 08:03:46,044 - INFO - ThreadPoolExecutor-1_0 - Extracted 75 configs from Ashkan-m Sub
2025-05-11 08:03:46,088 - INFO - ThreadPoolExecutor-1_1 - Extracted 77 configs from MrMohebi Actives
2025-05-11 08:03:46,110 - INFO - ThreadPoolExecutor-1_2 - Extracted 279 configs from MrMohebi All
2025-05-11 08:03:46,111 - INFO - MainThread - Raw configs: 26262
2025-05-11 08:03:46,111 - INFO - MainThread - Collected raw configs in 2.78 seconds
2025-05-11 08:03:46,120 - INFO - MainThread - After initial deduplication: 25015 configs
2025-05-11 08:03:46,183 - INFO - MainThread - After validity filter: 0 configs
2025-05-11 08:03:46,183 - INFO - MainThread - Removed duplicates: 0 unique, 0 valid, total time: 0.07s
2025-05-11 08:03:46,183 - INFO - MainThread - Parsed and deduplicated in 0.07 seconds
2025-05-11 08:03:46,183 - INFO - MainThread - Parsed configs: 0
2025-05-11 08:03:46,185 - INFO - MainThread - Saved configs in 0.00 seconds
2025-05-11 08:03:46,185 - INFO - MainThread - Generated README in 0.00 seconds
2025-05-11 08:03:46,676 - INFO - MainThread - Successfully pushed to GitHub
2025-05-11 08:03:46,676 - INFO - MainThread - Pushed to GitHub in 0.49 seconds
2025-05-11 08:03:46,676 - INFO - MainThread - Saved cache: 0 DNS, 0 GeoIP entries
2025-05-11 08:04:01,193 - INFO - MainThread - Loaded cache: 0 DNS, 0 GeoIP entries
2025-05-11 08:04:01,685 - INFO - ThreadPoolExecutor-0_0 - Extracted 0 configs from activevshop
2025-05-11 08:04:01,737 - INFO - ThreadPoolExecutor-0_2 - Extracted 3 configs from alfred_config
2025-05-11 08:04:01,827 - INFO - ThreadPoolExecutor-0_1 - Extracted 0 configs from airdroplandcod
2025-05-11 08:04:02,137 - INFO - ThreadPoolExecutor-0_0 - Extracted 1 configs from alienvpn402
2025-05-11 08:04:02,174 - INFO - ThreadPoolExecutor-0_2 - Extracted 6 configs from alo_v2rayng
2025-05-11 08:04:02,176 - INFO - ThreadPoolExecutor-0_1 - Extracted 0 configs from alpha_v2ray_fazayi
2025-05-11 08:04:02,596 - INFO - ThreadPoolExecutor-0_2 - Extracted 0 configs from amironetwork
2025-05-11 08:04:02,637 - INFO - ThreadPoolExecutor-0_0 - Extracted 2 configs from amirinventor2010
2025-05-11 08:04:02,685 - INFO - ThreadPoolExecutor-0_1 - Extracted 0 configs from ana_service
2025-05-11 08:04:03,017 - INFO - ThreadPoolExecutor-0_2 - Extracted 4 configs from angus_vpn
2025-05-11 08:04:03,155 - INFO - ThreadPoolExecutor-0_0 - Extracted 0 configs from zyfxlnn
2025-05-11 08:04:03,181 - INFO - ThreadPoolExecutor-1_1 - Extracted 74 configs from Kwinshadow Mix
2025-05-11 08:04:03,206 - INFO - ThreadPoolExecutor-1_0 - Extracted 0 configs from ArshiaComPlus HTML
2025-05-11 08:04:03,233 - INFO - ThreadPoolExecutor-1_1 - Extracted 1953 configs from MiladTahanian Configs
2025-05-11 08:04:03,235 - INFO - ThreadPoolExecutor-1_0 - Extracted 2 configs from Everyday VPN Main
2025-05-11 08:04:03,276 - INFO - ThreadPoolExecutor-1_2 - Extracted 16364 configs from SoliSpirit Configs
2025-05-11 08:04:03,286 - INFO - ThreadPoolExecutor-1_1 - Extracted 7 configs from Everyday VPN Test
2025-05-11 08:04:03,301 - INFO - ThreadPoolExecutor-1_2 - Extracted 448 configs from Epodonios Vmess
2025-05-11 08:04:03,317 - INFO - ThreadPoolExecutor-1_1 - Extracted 0 configs from Epodonios Trojan
2025-05-11 08:04:03,324 - INFO - ThreadPoolExecutor-1_0 - Extracted 0 configs from Epodonios Vless
2025-05-11 08:04:03,331 - INFO - ThreadPoolExecutor-1_2 - Extracted 0 configs from Epodonios SS
2025-05-11 08:04:03,347 - INFO - ThreadPoolExecutor-1_0 - Extracted 0 configs from Qjlxg Socks
2025-05-11 08:04:03,361 - INFO - ThreadPoolExecutor-1_2 - Extracted 0 configs from Qjlxg Trojan
2025-05-11 08:04:03,372 - INFO - ThreadPoolExecutor-1_0 - Extracted 0 configs from Qjlxg Hy2
2025-05-11 08:04:03,377 - INFO - ThreadPoolExecutor-1_1 - Extracted 0 configs from Qjlxg Vless
2025-05-11 08:04:03,386 - INFO - ThreadPoolExecutor-1_2 - Extracted 0 configs from Qjlxg Hysteria
2025-05-11 08:04:03,403 - INFO - ThreadPoolExecutor-1_1 - Extracted 0 configs from Surfboard Hysteria2
2025-05-11 08:04:03,405 - INFO - ThreadPoolExecutor-1_0 - Extracted 0 configs from Surfboard Hy2
2025-05-11 08:04:03,412 - INFO - ThreadPoolExecutor-1_2 - Extracted 4 configs from Surfboard Hysteria
2025-05-11 08:04:03,429 - INFO - ThreadPoolExecutor-1_0 - Extracted 0 configs from Surfboard Vmess
2025-05-11 08:04:03,433 - INFO - ThreadPoolExecutor-1_2 - Extracted 54 configs from Surfboard UDP
2025-05-11 08:04:03,439 - INFO - ThreadPoolExecutor-1_1 - Extracted 0 configs from Surfboard Vless
2025-05-11 08:04:03,455 - INFO - ThreadPoolExecutor-1_0 - Extracted 409 configs from Surfboard WSTLS
2025-05-11 08:04:03,457 - INFO - ThreadPoolExecutor-1_2 - Extracted 100 configs from Surfboard Random
2025-05-11 08:04:03,477 - INFO - ThreadPoolExecutor-1_1 - Extracted 3405 configs from Surfboard Converted
2025-05-11 08:04:03,480 - INFO - ThreadPoolExecutor-1_0 - Extracted 185 configs from Surfboard Mahsa
2025-05-11 08:04:03,484 - INFO - ThreadPoolExecutor-1_2 - Extracted 562 configs from MhdiTaheri Mix
2025-05-11 08:04:03,502 - INFO - ThreadPoolExecutor-1_1 - Extracted 150 configs from Roosterkid V2RAY
2025-05-11 08:04:03,507 - INFO - ThreadPoolExecutor-1_2 - Extracted 0 configs from ALIILAPRO Sub
2025-05-11 08:04:03,514 - INFO - ThreadPoolExecutor-1_0 - Extracted 2098 configs from MhdiTaheri Sub Mix
2025-05-11 08:04:03,523 - INFO - ThreadPoolExecutor-1_1 - Extracted 75 configs from Ashkan-m Sub
2025-05-11 08:04:03,529 - INFO - ThreadPoolExecutor-1_2 - Extracted 77 configs from MrMohebi Actives
2025-05-11 08:04:03,536 - INFO - ThreadPoolExecutor-1_0 - Extracted 279 configs from MrMohebi All
2025-05-11 08:04:03,536 - INFO - MainThread - Raw configs: 26262
2025-05-11 08:04:03,537 - INFO - MainThread - Collected raw configs in 2.34 seconds
2025-05-11 08:04:03,545 - INFO - MainThread - After initial deduplication: 25015 configs
2025-05-11 08:04:03,607 - INFO - MainThread - After validity filter: 0 configs
2025-05-11 08:04:03,607 - INFO - MainThread - Removed duplicates: 0 unique, 0 valid, total time: 0.07s
2025-05-11 08:04:03,607 - INFO - MainThread - Parsed and deduplicated in 0.07 seconds
2025-05-11 08:04:03,607 - INFO - MainThread - Parsed configs: 0
2025-05-11 08:04:03,609 - INFO - MainThread - Saved configs in 0.00 seconds
2025-05-11 08:04:03,609 - INFO - MainThread - Generated README in 0.00 seconds
2025-05-11 08:04:04,311 - INFO - MainThread - Successfully pushed to GitHub
2025-05-11 08:04:04,311 - INFO - MainThread - Pushed to GitHub in 0.70 seconds
2025-05-11 08:04:04,311 - INFO - MainThread - Saved cache: 0 DNS, 0 GeoIP entries
2025-05-11 08:04:18,511 - INFO - MainThread - Loaded cache: 0 DNS, 0 GeoIP entries
2025-05-11 08:04:18,966 - INFO - ThreadPoolExecutor-0_0 - Extracted 0 configs from activevshop
2025-05-11 08:04:19,006 - INFO - ThreadPoolExecutor-0_2 - Extracted 3 configs from alfred_config
2025-05-11 08:04:19,112 - INFO - ThreadPoolExecutor-0_1 - Extracted 0 configs from airdroplandcod
2025-05-11 08:04:19,432 - INFO - ThreadPoolExecutor-0_2 - Extracted 6 configs from alo_v2rayng
2025-05-11 08:04:19,476 - INFO - ThreadPoolExecutor-0_1 - Extracted 0 configs from alpha_v2ray_fazayi
2025-05-11 08:04:19,478 - INFO - ThreadPoolExecutor-0_0 - Extracted 1 configs from alienvpn402
2025-05-11 08:04:19,942 - INFO - ThreadPoolExecutor-0_1 - Extracted 0 configs from amironetwork
2025-05-11 08:04:19,982 - INFO - ThreadPoolExecutor-0_2 - Extracted 2 configs from amirinventor2010
2025-05-11 08:04:20,031 - INFO - ThreadPoolExecutor-0_0 - Extracted 0 configs from ana_service
2025-05-11 08:04:20,426 - INFO - ThreadPoolExecutor-0_1 - Extracted 4 configs from angus_vpn
2025-05-11 08:04:20,537 - INFO - ThreadPoolExecutor-0_2 - Extracted 0 configs from zyfxlnn
2025-05-11 08:04:20,553 - INFO - ThreadPoolExecutor-1_1 - Extracted 74 configs from Kwinshadow Mix
2025-05-11 08:04:20,573 - INFO - ThreadPoolExecutor-1_0 - Extracted 0 configs from ArshiaComPlus HTML
2025-05-11 08:04:20,585 - INFO - ThreadPoolExecutor-1_0 - Extracted 2 configs from Everyday VPN Main
2025-05-11 08:04:20,595 - INFO - ThreadPoolExecutor-1_1 - Extracted 1953 configs from MiladTahanian Configs
2025-05-11 08:04:20,600 - INFO - ThreadPoolExecutor-1_0 - Extracted 7 configs from Everyday VPN Test
2025-05-11 08:04:20,648 - INFO - ThreadPoolExecutor-1_2 - Extracted 16364 configs from SoliSpirit Configs
2025-05-11 08:04:20,652 - INFO - ThreadPoolExecutor-1_0 - Extracted 448 configs from Epodonios Vmess
2025-05-11 08:04:20,666 - INFO - ThreadPoolExecutor-1_1 - Extracted 0 configs from Epodonios Vless
2025-05-11 08:04:20,669 - INFO - ThreadPoolExecutor-1_2 - Extracted 0 configs from Epodonios Trojan
2025-05-11 08:04:20,671 - INFO - ThreadPoolExecutor-1_0 - Extracted 0 configs from Epodonios SS
2025-05-11 08:04:20,681 - INFO - ThreadPoolExecutor-1_2 - Extracted 0 configs from Qjlxg Socks
2025-05-11 08:04:20,685 - INFO - ThreadPoolExecutor-1_0 - Extracted 0 configs from Qjlxg Trojan
2025-05-11 08:04:20,693 - INFO - ThreadPoolExecutor-1_2 - Extracted 0 configs from Qjlxg Hy2
2025-05-11 08:04:20,699 - INFO - ThreadPoolExecutor-1_0 - Extracted 0 configs from Qjlxg Hysteria
2025-05-11 08:04:20,703 - INFO - ThreadPoolExecutor-1_1 - Extracted 0 configs from Qjlxg Vless
2025-05-11 08:04:20,708 - INFO - ThreadPoolExecutor-1_2 - Extracted 0 configs from Surfboard Hy2
2025-05-11 08:04:20,715 - INFO - ThreadPoolExecutor-1_0 - Extracted 0 configs from Surfboard Hysteria2
2025-05-11 08:04:20,716 - INFO - ThreadPoolExecutor-1_1 - Extracted 4 configs from Surfboard Hysteria
2025-05-11 08:04:20,730 - INFO - ThreadPoolExecutor-1_0 - Extracted 0 configs from Surfboard Vmess
2025-05-11 08:04:20,732 - INFO - ThreadPoolExecutor-1_1 - Extracted 54 configs from Surfboard UDP
2025-05-11 08:04:20,736 - INFO - ThreadPoolExecutor-1_2 - Extracted 0 configs from Surfboard Vless
2025-05-11 08:04:20,743 - INFO - ThreadPoolExecutor-1_0 - Extracted 409 configs from Surfboard WSTLS
2025-05-11 08:04:20,745 - INFO - ThreadPoolExecutor-1_1 - Extracted 100 configs from Surfboard Random
2025-05-11 08:04:20,759 - INFO - ThreadPoolExecutor-1_2 - Extracted 3405 configs from Surfboard Converted
2025-05-11 08:04:20,761 - INFO - ThreadPoolExecutor-1_0 - Extracted 185 configs from Surfboard Mahsa
2025-05-11 08:04:20,767 - INFO - ThreadPoolExecutor-1_1 - Extracted 562 configs from MhdiTaheri Mix
2025-05-11 08:04:20,773 - INFO - ThreadPoolExecutor-1_2 - Extracted 150 configs from Roosterkid V2RAY
2025-05-11 08:04:20,780 - INFO - ThreadPoolExecutor-1_0 - Extracted 2098 configs from MhdiTaheri Sub Mix
2025-05-11 08:04:20,782 - INFO - ThreadPoolExecutor-1_1 - Extracted 0 configs from ALIILAPRO Sub
2025-05-11 08:04:20,789 - INFO - ThreadPoolExecutor-1_2 - Extracted 75 configs from Ashkan-m Sub
2025-05-11 08:04:20,794 - INFO - ThreadPoolExecutor-1_0 - Extracted 77 configs from MrMohebi Actives
2025-05-11 08:04:20,795 - INFO - ThreadPoolExecutor-1_1 - Extracted 279 configs from MrMohebi All
2025-05-11 08:04:20,796 - INFO - MainThread - Raw configs: 26262
2025-05-11 08:04:20,796 - INFO - MainThread - Collected raw configs in 2.29 seconds
2025-05-11 08:04:20,804 - INFO - MainThread - After initial deduplication: 25015 configs
2025-05-11 08:04:20,866 - INFO - MainThread - After validity filter: 0 configs
2025-05-11 08:04:20,866 - INFO - MainThread - Removed duplicates: 0 unique, 0 valid, total time: 0.07s
2025-05-11 08:04:20,866 - INFO - MainThread - Parsed and deduplicated in 0.07 seconds
2025-05-11 08:04:20,866 - INFO - MainThread - Parsed configs: 0
2025-05-11 08:04:20,868 - INFO - MainThread - Saved configs in 0.00 seconds
2025-05-11 08:04:20,868 - INFO - MainThread - Generated README in 0.00 seconds
2025-05-11 08:04:21,458 - INFO - MainThread - Successfully pushed to GitHub
2025-05-11 08:04:21,458 - INFO - MainThread - Pushed to GitHub in 0.59 seconds
2025-05-11 08:04:21,459 - INFO - MainThread - Saved cache: 0 DNS, 0 GeoIP entries
2025-05-11 08:04:34,967 - INFO - MainThread - Loaded cache: 0 DNS, 0 GeoIP entries
2025-05-11 08:04:35,457 - INFO - ThreadPoolExecutor-0_0 - Extracted 0 configs from activevshop
2025-05-11 08:04:35,500 - INFO - ThreadPoolExecutor-0_2 - Extracted 3 configs from alfred_config
2025-05-11 08:04:35,568 - INFO - ThreadPoolExecutor-0_1 - Extracted 0 configs from airdroplandcod
2025-05-11 08:04:35,878 - INFO - ThreadPoolExecutor-0_1 - Extracted 0 configs from alpha_v2ray_fazayi
2025-05-11 08:04:35,881 - INFO - ThreadPoolExecutor-0_0 - Extracted 1 configs from alienvpn402
2025-05-11 08:04:35,918 - INFO - ThreadPoolExecutor-0_2 - Extracted 6 configs from alo_v2rayng
2025-05-11 08:04:36,377 - INFO - ThreadPoolExecutor-0_1 - Extracted 0 configs from amironetwork
2025-05-11 08:04:36,407 - INFO - ThreadPoolExecutor-0_0 - Extracted 2 configs from amirinventor2010
2025-05-11 08:04:36,449 - INFO - ThreadPoolExecutor-0_2 - Extracted 0 configs from ana_service
2025-05-11 08:04:36,789 - INFO - ThreadPoolExecutor-0_1 - Extracted 4 configs from angus_vpn
2025-05-11 08:04:36,884 - INFO - ThreadPoolExecutor-0_0 - Extracted 0 configs from zyfxlnn
2025-05-11 08:04:36,899 - INFO - ThreadPoolExecutor-1_1 - Extracted 74 configs from Kwinshadow Mix
2025-05-11 08:04:36,920 - INFO - ThreadPoolExecutor-1_0 - Extracted 0 configs from ArshiaComPlus HTML
2025-05-11 08:04:36,930 - INFO - ThreadPoolExecutor-1_0 - Extracted 2 configs from Everyday VPN Main
2025-05-11 08:04:36,940 - INFO - ThreadPoolExecutor-1_1 - Extracted 1953 configs from MiladTahanian Configs
2025-05-11 08:04:36,948 - INFO - ThreadPoolExecutor-1_0 - Extracted 7 configs from Everyday VPN Test
2025-05-11 08:04:36,986 - INFO - ThreadPoolExecutor-1_2 - Extracted 16364 configs from SoliSpirit Configs
2025-05-11 08:04:36,994 - INFO - ThreadPoolExecutor-1_0 - Extracted 448 configs from Epodonios Vmess
2025-05-11 08:04:37,004 - INFO - ThreadPoolExecutor-1_1 - Extracted 0 configs from Epodonios Vless
2025-05-11 08:04:37,007 - INFO - ThreadPoolExecutor-1_2 - Extracted 0 configs from Epodonios Trojan
2025-05-11 08:04:37,009 - INFO - ThreadPoolExecutor-1_0 - Extracted 0 configs from Epodonios SS
2025-05-11 08:04:37,018 - INFO - ThreadPoolExecutor-1_2 - Extracted 0 configs from Qjlxg Socks
2025-05-11 08:04:37,022 - INFO - ThreadPoolExecutor-1_0 - Extracted 0 configs from Qjlxg Trojan
2025-05-11 08:04:37,030 - INFO - ThreadPoolExecutor-1_2 - Extracted 0 configs from Qjlxg Hy2
2025-05-11 08:04:37,032 - INFO - ThreadPoolExecutor-1_0 - Extracted 0 configs from Qjlxg Hysteria
2025-05-11 08:04:37,042 - INFO - ThreadPoolExecutor-1_0 - Extracted 0 configs from Surfboard Hysteria2
2025-05-11 08:04:37,044 - INFO - ThreadPoolExecutor-1_2 - Extracted 0 configs from Surfboard Hy2
2025-05-11 08:04:37,051 - INFO - ThreadPoolExecutor-1_1 - Extracted 0 configs from Qjlxg Vless
2025-05-11 08:04:37,066 - INFO - ThreadPoolExecutor-1_0 - Extracted 4 configs from Surfboard Hysteria
2025-05-11 08:04:37,076 - INFO - ThreadPoolExecutor-1_1 - Extracted 0 configs from Surfboard Vmess
2025-05-11 08:04:37,078 - INFO - ThreadPoolExecutor-1_0 - Extracted 54 configs from Surfboard UDP
2025-05-11 08:04:37,086 - INFO - ThreadPoolExecutor-1_2 - Extracted 0 configs from Surfboard Vless
2025-05-11 08:04:37,091 - INFO - ThreadPoolExecutor-1_0 - Extracted 100 configs from Surfboard Random
2025-05-11 08:04:37,093 - INFO - ThreadPoolExecutor-1_1 - Extracted 409 configs from Surfboard WSTLS
2025-05-11 08:04:37,108 - INFO - ThreadPoolExecutor-1_2 - Extracted 3405 configs from Surfboard Converted
2025-05-11 08:04:37,111 - INFO - ThreadPoolExecutor-1_0 - Extracted 185 configs from Surfboard Mahsa
2025-05-11 08:04:37,114 - INFO - ThreadPoolExecutor-1_1 - Extracted 562 configs from MhdiTaheri Mix
2025-05-11 08:04:37,123 - INFO - ThreadPoolExecutor-1_2 - Extracted 150 configs from Roosterkid V2RAY
2025-05-11 08:04:37,126 - INFO - ThreadPoolExecutor-1_1 - Extracted 0 configs from ALIILAPRO Sub
2025-05-11 08:04:37,132 - INFO - ThreadPoolExecutor-1_0 - Extracted 2098 configs from MhdiTaheri Sub Mix
2025-05-11 08:04:37,138 - INFO - ThreadPoolExecutor-1_2 - Extracted 75 configs from Ashkan-m Sub
2025-05-11 08:04:37,140 - INFO - ThreadPoolExecutor-1_1 - Extracted 77 configs from MrMohebi Actives
2025-05-11 08:04:37,142 - INFO - ThreadPoolExecutor-1_0 - Extracted 279 configs from MrMohebi All
2025-05-11 08:04:37,143 - INFO - MainThread - Raw configs: 26262
2025-05-11 08:04:37,143 - INFO - MainThread - Collected raw configs in 2.18 seconds
2025-05-11 08:04:37,151 - INFO - MainThread - After initial deduplication: 25015 configs
2025-05-11 08:04:37,213 - INFO - MainThread - After validity filter: 0 configs
2025-05-11 08:04:37,213 - INFO - MainThread - Removed duplicates: 0 unique, 0 valid, total time: 0.07s
2025-05-11 08:04:37,213 - INFO - MainThread - Parsed and deduplicated in 0.07 seconds
2025-05-11 08:04:37,213 - INFO - MainThread - Parsed configs: 0
2025-05-11 08:04:37,215 - INFO - MainThread - Saved configs in 0.00 seconds
2025-05-11 08:04:37,215 - INFO - MainThread - Generated README in 0.00 seconds
2025-05-11 08:04:37,706 - INFO - MainThread - Successfully pushed to GitHub
2025-05-11 08:04:37,706 - INFO - MainThread - Pushed to GitHub in 0.49 seconds
2025-05-11 08:04:37,706 - INFO - MainThread - Saved cache: 0 DNS, 0 GeoIP entries
2025-05-11 08:04:51,832 - INFO - MainThread - Loaded cache: 0 DNS, 0 GeoIP entries
2025-05-11 08:04:52,460 - INFO - ThreadPoolExecutor-0_0 - Extracted 0 configs from activevshop
2025-05-11 08:04:52,494 - INFO - ThreadPoolExecutor-0_2 - Extracted 3 configs from alfred_config
2025-05-11 08:04:52,623 - INFO - ThreadPoolExecutor-0_1 - Extracted 0 configs from airdroplandcod
2025-05-11 08:04:53,063 - INFO - ThreadPoolExecutor-0_2 - Extracted 6 configs from alo_v2rayng
2025-05-11 08:04:53,133 - INFO - ThreadPoolExecutor-0_0 - Extracted 1 configs from alienvpn402
2025-05-11 08:04:53,135 - INFO - ThreadPoolExecutor-0_1 - Extracted 0 configs from alpha_v2ray_fazayi
2025-05-11 08:04:53,828 - INFO - ThreadPoolExecutor-0_2 - Extracted 2 configs from amirinventor2010
2025-05-11 08:04:53,837 - INFO - ThreadPoolExecutor-0_0 - Extracted 0 configs from amironetwork
2025-05-11 08:04:53,886 - INFO - ThreadPoolExecutor-0_1 - Extracted 0 configs from ana_service
2025-05-11 08:04:54,505 - INFO - ThreadPoolExecutor-0_2 - Extracted 4 configs from angus_vpn
2025-05-11 08:04:54,568 - INFO - ThreadPoolExecutor-0_0 - Extracted 0 configs from zyfxlnn
2025-05-11 08:04:54,582 - INFO - ThreadPoolExecutor-1_1 - Extracted 74 configs from Kwinshadow Mix
2025-05-11 08:04:54,602 - INFO - ThreadPoolExecutor-1_0 - Extracted 0 configs from ArshiaComPlus HTML
2025-05-11 08:04:54,612 - INFO - ThreadPoolExecutor-1_0 - Extracted 2 configs from Everyday VPN Main
2025-05-11 08:04:54,620 - INFO - ThreadPoolExecutor-1_0 - Extracted 7 configs from Everyday VPN Test
2025-05-11 08:04:54,661 - INFO - ThreadPoolExecutor-1_2 - Extracted 16364 configs from SoliSpirit Configs
2025-05-11 08:04:54,674 - INFO - ThreadPoolExecutor-1_0 - Extracted 0 configs from Epodonios Vless
2025-05-11 08:04:54,689 - INFO - ThreadPoolExecutor-1_2 - Extracted 448 configs from Epodonios Vmess
2025-05-11 08:04:54,690 - INFO - ThreadPoolExecutor-1_0 - Extracted 0 configs from Epodonios Trojan
2025-05-11 08:04:54,717 - INFO - ThreadPoolExecutor-1_0 - Extracted 0 configs from Qjlxg Vless
2025-05-11 08:04:54,727 - INFO - ThreadPoolExecutor-1_0 - Extracted 0 configs from Qjlxg Socks
2025-05-11 08:04:54,738 - INFO - ThreadPoolExecutor-1_0 - Extracted 0 configs from Qjlxg Trojan
2025-05-11 08:04:54,746 - INFO - ThreadPoolExecutor-1_0 - Extracted 0 configs from Qjlxg Hy2
2025-05-11 08:04:54,754 - INFO - ThreadPoolExecutor-1_0 - Extracted 0 configs from Qjlxg Hysteria
2025-05-11 08:04:54,761 - INFO - ThreadPoolExecutor-1_0 - Extracted 0 configs from Surfboard Hy2
2025-05-11 08:04:54,769 - INFO - ThreadPoolExecutor-1_0 - Extracted 0 configs from Surfboard Hysteria2
2025-05-11 08:04:54,777 - INFO - ThreadPoolExecutor-1_0 - Extracted 4 configs from Surfboard Hysteria
2025-05-11 08:04:54,798 - INFO - ThreadPoolExecutor-1_0 - Extracted 0 configs from Surfboard Vless
2025-05-11 08:04:54,811 - INFO - ThreadPoolExecutor-1_0 - Extracted 0 configs from Surfboard Vmess
2025-05-11 08:04:54,820 - INFO - ThreadPoolExecutor-1_0 - Extracted 54 configs from Surfboard UDP
2025-05-11 08:04:54,832 - INFO - ThreadPoolExecutor-1_0 - Extracted 409 configs from Surfboard WSTLS
2025-05-11 08:04:54,840 - INFO - ThreadPoolExecutor-1_0 - Extracted 100 configs from Surfboard Random
2025-05-11 08:04:54,847 - INFO - ThreadPoolExecutor-1_1 - Extracted 1953 configs from MiladTahanian Configs
2025-05-11 08:04:54,856 - INFO - ThreadPoolExecutor-1_2 - Extracted 0 configs from Epodonios SS
2025-05-11 08:04:54,858 - INFO - ThreadPoolExecutor-1_1 - Extracted 185 configs from Surfboard Mahsa
2025-05-11 08:04:54,866 - INFO - ThreadPoolExecutor-1_0 - Extracted 3405 configs from Surfboard Converted
2025-05-11 08:04:54,874 - INFO - ThreadPoolExecutor-1_2 - Extracted 562 configs from MhdiTaheri Mix
2025-05-11 08:04:54,885 - INFO - ThreadPoolExecutor-1_0 - Extracted 2098 configs from MhdiTaheri Sub Mix
2025-05-11 08:04:54,887 - INFO - ThreadPoolExecutor-1_2 - Extracted 0 configs from ALIILAPRO Sub
2025-05-11 08:04:54,897 - INFO - ThreadPoolExecutor-1_2 - Extracted 77 configs from MrMohebi Actives
2025-05-11 08:04:54,908 - INFO - ThreadPoolExecutor-1_2 - Extracted 279 configs from MrMohebi All
2025-05-11 08:04:54,913 - INFO - ThreadPoolExecutor-1_0 - Extracted 75 configs from Ashkan-m Sub
2025-05-11 08:04:55,028 - INFO - ThreadPoolExecutor-1_1 - Extracted 150 configs from Roosterkid V2RAY
2025-05-11 08:04:55,029 - INFO - MainThread - Raw configs: 26262
2025-05-11 08:04:55,029 - INFO - MainThread - Collected raw configs in 3.20 seconds
2025-05-11 08:04:55,038 - INFO - MainThread - After initial deduplication: 25015 configs
2025-05-11 08:04:55,100 - INFO - MainThread - After validity filter: 0 configs
2025-05-11 08:04:55,100 - INFO - MainThread - Removed duplicates: 0 unique, 0 valid, total time: 0.07s
2025-05-11 08:04:55,101 - INFO - MainThread - Parsed and deduplicated in 0.07 seconds
2025-05-11 08:04:55,101 - INFO - MainThread - Parsed configs: 0
2025-05-11 08:04:55,102 - INFO - MainThread - Saved configs in 0.00 seconds
2025-05-11 08:04:55,103 - INFO - MainThread - Generated README in 0.00 seconds
2025-05-11 08:04:55,837 - INFO - MainThread - Successfully pushed to GitHub
2025-05-11 08:04:55,837 - INFO - MainThread - Pushed to GitHub in 0.73 seconds
2025-05-11 08:04:55,838 - INFO - MainThread - Saved cache: 0 DNS, 0 GeoIP entries
2025-05-11 08:05:10,790 - INFO - MainThread - Loaded cache: 0 DNS, 0 GeoIP entries
2025-05-11 08:05:11,368 - INFO - ThreadPoolExecutor-0_0 - Extracted 0 configs from activevshop
2025-05-11 08:05:11,409 - INFO - ThreadPoolExecutor-0_2 - Extracted 3 configs from alfred_config
2025-05-11 08:05:11,544 - INFO - ThreadPoolExecutor-0_1 - Extracted 0 configs from airdroplandcod
2025-05-11 08:05:11,975 - INFO - ThreadPoolExecutor-0_2 - Extracted 6 configs from alo_v2rayng
2025-05-11 08:05:12,042 - INFO - ThreadPoolExecutor-0_0 - Extracted 1 configs from alienvpn402
2025-05-11 08:05:12,044 - INFO - ThreadPoolExecutor-0_1 - Extracted 0 configs from alpha_v2ray_fazayi
2025-05-11 08:05:12,733 - INFO - ThreadPoolExecutor-0_2 - Extracted 2 configs from amirinventor2010
2025-05-11 08:05:12,742 - INFO - ThreadPoolExecutor-0_0 - Extracted 0 configs from amironetwork
2025-05-11 08:05:12,791 - INFO - ThreadPoolExecutor-0_1 - Extracted 0 configs from ana_service
2025-05-11 08:05:13,399 - INFO - ThreadPoolExecutor-0_2 - Extracted 4 configs from angus_vpn
2025-05-11 08:05:13,455 - INFO - ThreadPoolExecutor-0_0 - Extracted 0 configs from zyfxlnn
2025-05-11 08:05:13,489 - INFO - ThreadPoolExecutor-1_0 - Extracted 0 configs from ArshiaComPlus HTML
2025-05-11 08:05:13,490 - INFO - ThreadPoolExecutor-1_1 - Extracted 74 configs from Kwinshadow Mix
2025-05-11 08:05:13,499 - INFO - ThreadPoolExecutor-1_1 - Extracted 2 configs from Everyday VPN Main
2025-05-11 08:05:13,513 - INFO - ThreadPoolExecutor-1_0 - Extracted 1953 configs from MiladTahanian Configs
2025-05-11 08:05:13,515 - INFO - ThreadPoolExecutor-1_1 - Extracted 7 configs from Everyday VPN Test
2025-05-11 08:05:13,558 - INFO - ThreadPoolExecutor-1_2 - Extracted 16364 configs from SoliSpirit Configs
2025-05-11 08:05:13,561 - INFO - ThreadPoolExecutor-1_1 - Extracted 448 configs from Epodonios Vmess
2025-05-11 08:05:13,572 - INFO - ThreadPoolExecutor-1_2 - Extracted 0 configs from Epodonios Trojan
2025-05-11 08:05:13,576 - INFO - ThreadPoolExecutor-1_1 - Extracted 0 configs from Epodonios SS
2025-05-11 08:05:13,580 - INFO - ThreadPoolExecutor-1_0 - Extracted 0 configs from Epodonios Vless
2025-05-11 08:05:13,584 - INFO - ThreadPoolExecutor-1_1 - Extracted 0 configs from Qjlxg Socks
2025-05-11 08:05:13,592 - INFO - ThreadPoolExecutor-1_1 - Extracted 0 configs from Qjlxg Hy2
2025-05-11 08:05:13,599 - INFO - ThreadPoolExecutor-1_1 - Extracted 0 configs from Qjlxg Hysteria
2025-05-11 08:05:13,607 - INFO - ThreadPoolExecutor-1_2 - Extracted 0 configs from Qjlxg Vless
2025-05-11 08:05:13,612 - INFO - ThreadPoolExecutor-1_1 - Extracted 0 configs from Surfboard Hy2
2025-05-11 08:05:13,616 - INFO - ThreadPoolExecutor-1_2 - Extracted 0 configs from Surfboard Hysteria2
2025-05-11 08:05:13,619 - INFO - ThreadPoolExecutor-1_1 - Extracted 4 configs from Surfboard Hysteria
2025-05-11 08:05:13,631 - INFO - ThreadPoolExecutor-1_2 - Extracted 0 configs from Surfboard Vless
2025-05-11 08:05:13,632 - INFO - ThreadPoolExecutor-1_1 - Extracted 0 configs from Surfboard Vmess
2025-05-11 08:05:13,641 - INFO - ThreadPoolExecutor-1_1 - Extracted 409 configs from Surfboard WSTLS
2025-05-11 08:05:13,643 - INFO - ThreadPoolExecutor-1_2 - Extracted 54 configs from Surfboard UDP
2025-05-11 08:05:13,650 - INFO - ThreadPoolExecutor-1_1 - Extracted 100 configs from Surfboard Random
2025-05-11 08:05:13,659 - INFO - ThreadPoolExecutor-1_1 - Extracted 185 configs from Surfboard Mahsa
2025-05-11 08:05:13,667 - INFO - ThreadPoolExecutor-1_2 - Extracted 3405 configs from Surfboard Converted
2025-05-11 08:05:13,675 - INFO - ThreadPoolExecutor-1_1 - Extracted 562 configs from MhdiTaheri Mix
2025-05-11 08:05:13,678 - INFO - ThreadPoolExecutor-1_2 - Extracted 150 configs from Roosterkid V2RAY
2025-05-11 08:05:13,688 - INFO - ThreadPoolExecutor-1_1 - Extracted 2098 configs from MhdiTaheri Sub Mix
2025-05-11 08:05:13,690 - INFO - ThreadPoolExecutor-1_2 - Extracted 0 configs from ALIILAPRO Sub
2025-05-11 08:05:13,697 - INFO - ThreadPoolExecutor-1_1 - Extracted 75 configs from Ashkan-m Sub
2025-05-11 08:05:13,700 - INFO - ThreadPoolExecutor-1_2 - Extracted 77 configs from MrMohebi Actives
2025-05-11 08:05:13,708 - INFO - ThreadPoolExecutor-1_1 - Extracted 279 configs from MrMohebi All
2025-05-11 08:05:13,728 - INFO - ThreadPoolExecutor-1_0 - Extracted 0 configs from Qjlxg Trojan
2025-05-11 08:05:13,728 - INFO - MainThread - Raw configs: 26262
2025-05-11 08:05:13,729 - INFO - MainThread - Collected raw configs in 2.94 seconds
2025-05-11 08:05:13,737 - INFO - MainThread - After initial deduplication: 25015 configs
2025-05-11 08:05:13,798 - INFO - MainThread - After validity filter: 0 configs
2025-05-11 08:05:13,798 - INFO - MainThread - Removed duplicates: 0 unique, 0 valid, total time: 0.07s
2025-05-11 08:05:13,798 - INFO - MainThread - Parsed and deduplicated in 0.07 seconds
2025-05-11 08:05:13,798 - INFO - MainThread - Parsed configs: 0
2025-05-11 08:05:13,800 - INFO - MainThread - Saved configs in 0.00 seconds
2025-05-11 08:05:13,801 - INFO - MainThread - Generated README in 0.00 seconds
